# JRE version: OpenJDK Runtime Environment (17.0.9) (build 17.0.9+0--11185874)
# Java VM: OpenJDK 64-Bit Server VM (17.0.9+0--11185874, mixed mode, tiered, compressed oops, compressed class ptrs, g1 gc, windows-amd64)
GC Precious Log:
 CPUs: 12 total, 12 available
 Memory: 6005M
 Large Page Support: Disabled
 NUMA Support: Disabled
 Compressed Oops: Enabled (32-bit)
 Heap Region Size: 1M
 Heap Min Capacity: 8M
 Heap Initial Capacity: 94M
 Heap Max Capacity: 2G
 Pre-touch: Disabled
 Parallel Workers: 10
 Concurrent Workers: 3
 Concurrent Refinement Workers: 10
 Periodic GC: Disabled
Heap:
 garbage-first heap   total 336896K, used 138838K [0x0000000080000000, 0x0000000100000000)
  region size 1024K, 2 young (2048K), 2 survivors (2048K)
 Metaspace       used 123197K, committed 124032K, reserved 1179648K
  class space    used 16603K, committed 17024K, reserved 1048576K
GC Heap History (20 events):
Event: 42.602 GC heap after
{Heap after GC invocations=45 (full 0):
 garbage-first heap   total 257024K, used 148306K [0x0000000080000000, 0x0000000100000000)
  region size 1024K, 2 young (2048K), 2 survivors (2048K)
 Metaspace       used 110959K, committed 111744K, reserved 1179648K
  class space    used 15335K, committed 15744K, reserved 1048576K
}
Event: 43.120 GC heap before
{Heap before GC invocations=45 (full 0):
 garbage-first heap   total 257024K, used 204626K [0x0000000080000000, 0x0000000100000000)
  region size 1024K, 49 young (50176K), 2 survivors (2048K)
 Metaspace       used 111335K, committed 112128K, reserved 1179648K
  class space    used 15366K, committed 15744K, reserved 1048576K
}
Event: 43.125 GC heap after
{Heap after GC invocations=46 (full 0):
 garbage-first heap   total 257024K, used 158915K [0x0000000080000000, 0x0000000100000000)
  region size 1024K, 7 young (7168K), 7 survivors (7168K)
 Metaspace       used 111335K, committed 112128K, reserved 1179648K
  class space    used 15366K, committed 15744K, reserved 1048576K
}
Event: 43.570 GC heap before
{Heap before GC invocations=46 (full 0):
 garbage-first heap   total 257024K, used 199875K [0x0000000080000000, 0x0000000100000000)
  region size 1024K, 47 young (48128K), 7 survivors (7168K)
 Metaspace       used 113899K, committed 114752K, reserved 1179648K
  class space    used 15663K, committed 16064K, reserved 1048576K
}
Event: 43.576 GC heap after
{Heap after GC invocations=47 (full 0):
 garbage-first heap   total 257024K, used 161027K [0x0000000080000000, 0x0000000100000000)
  region size 1024K, 4 young (4096K), 4 survivors (4096K)
 Metaspace       used 113899K, committed 114752K, reserved 1179648K
  class space    used 15663K, committed 16064K, reserved 1048576K
}
Event: 43.983 GC heap before
{Heap before GC invocations=47 (full 0):
 garbage-first heap   total 257024K, used 189699K [0x0000000080000000, 0x0000000100000000)
  region size 1024K, 33 young (33792K), 4 survivors (4096K)
 Metaspace       used 114154K, committed 115008K, reserved 1179648K
  class space    used 15679K, committed 16064K, reserved 1048576K
}
Event: 43.991 GC heap after
{Heap after GC invocations=48 (full 0):
 garbage-first heap   total 257024K, used 173428K [0x0000000080000000, 0x0000000100000000)
  region size 1024K, 6 young (6144K), 6 survivors (6144K)
 Metaspace       used 114154K, committed 115008K, reserved 1179648K
  class space    used 15679K, committed 16064K, reserved 1048576K
}
Event: 44.437 GC heap before
{Heap before GC invocations=49 (full 0):
 garbage-first heap   total 336896K, used 233844K [0x0000000080000000, 0x0000000100000000)
  region size 1024K, 36 young (36864K), 6 survivors (6144K)
 Metaspace       used 116006K, committed 116800K, reserved 1179648K
  class space    used 15860K, committed 16256K, reserved 1048576K
}
Event: 44.446 GC heap after
{Heap after GC invocations=50 (full 0):
 garbage-first heap   total 336896K, used 177067K [0x0000000080000000, 0x0000000100000000)
  region size 1024K, 4 young (4096K), 4 survivors (4096K)
 Metaspace       used 116006K, committed 116800K, reserved 1179648K
  class space    used 15860K, committed 16256K, reserved 1048576K
}
Event: 44.563 GC heap before
{Heap before GC invocations=50 (full 0):
 garbage-first heap   total 336896K, used 188331K [0x0000000080000000, 0x0000000100000000)
  region size 1024K, 16 young (16384K), 4 survivors (4096K)
 Metaspace       used 116643K, committed 117440K, reserved 1179648K
  class space    used 15913K, committed 16256K, reserved 1048576K
}
Event: 44.567 GC heap after
{Heap after GC invocations=51 (full 0):
 garbage-first heap   total 336896K, used 175097K [0x0000000080000000, 0x0000000100000000)
  region size 1024K, 2 young (2048K), 2 survivors (2048K)
 Metaspace       used 116643K, committed 117440K, reserved 1179648K
  class space    used 15913K, committed 16256K, reserved 1048576K
}
Event: 45.100 GC heap before
{Heap before GC invocations=51 (full 0):
 garbage-first heap   total 336896K, used 263161K [0x0000000080000000, 0x0000000100000000)
  region size 1024K, 89 young (91136K), 2 survivors (2048K)
 Metaspace       used 118938K, committed 119744K, reserved 1179648K
  class space    used 16151K, committed 16512K, reserved 1048576K
}
Event: 45.108 GC heap after
{Heap after GC invocations=52 (full 0):
 garbage-first heap   total 336896K, used 183847K [0x0000000080000000, 0x0000000100000000)
  region size 1024K, 10 young (10240K), 10 survivors (10240K)
 Metaspace       used 118938K, committed 119744K, reserved 1179648K
  class space    used 16151K, committed 16512K, reserved 1048576K
}
Event: 45.886 GC heap before
{Heap before GC invocations=52 (full 0):
 garbage-first heap   total 336896K, used 266791K [0x0000000080000000, 0x0000000100000000)
  region size 1024K, 92 young (94208K), 10 survivors (10240K)
 Metaspace       used 121041K, committed 121920K, reserved 1179648K
  class space    used 16356K, committed 16832K, reserved 1048576K
}
Event: 45.894 GC heap after
{Heap after GC invocations=53 (full 0):
 garbage-first heap   total 336896K, used 186323K [0x0000000080000000, 0x0000000100000000)
  region size 1024K, 5 young (5120K), 5 survivors (5120K)
 Metaspace       used 121041K, committed 121920K, reserved 1179648K
  class space    used 16356K, committed 16832K, reserved 1048576K
}
Event: 47.114 GC heap before
{Heap before GC invocations=53 (full 0):
 garbage-first heap   total 336896K, used 271315K [0x0000000080000000, 0x0000000100000000)
  region size 1024K, 89 young (91136K), 5 survivors (5120K)
 Metaspace       used 123142K, committed 123968K, reserved 1179648K
  class space    used 16600K, committed 17024K, reserved 1048576K
}
Event: 47.123 GC heap after
{Heap after GC invocations=54 (full 0):
 garbage-first heap   total 336896K, used 193618K [0x0000000080000000, 0x0000000100000000)
  region size 1024K, 12 young (12288K), 12 survivors (12288K)
 Metaspace       used 123142K, committed 123968K, reserved 1179648K
  class space    used 16600K, committed 17024K, reserved 1048576K
}
Event: 47.555 GC heap before
{Heap before GC invocations=55 (full 0):
 garbage-first heap   total 336896K, used 241101K [0x0000000080000000, 0x0000000100000000)
  region size 1024K, 90 young (92160K), 12 survivors (12288K)
 Metaspace       used 123197K, committed 124032K, reserved 1179648K
  class space    used 16603K, committed 17024K, reserved 1048576K
}
Event: 47.564 GC heap after
{Heap after GC invocations=56 (full 0):
 garbage-first heap   total 336896K, used 165968K [0x0000000080000000, 0x0000000100000000)
  region size 1024K, 6 young (6144K), 6 survivors (6144K)
 Metaspace       used 123197K, committed 124032K, reserved 1179648K
  class space    used 16603K, committed 17024K, reserved 1048576K
}
Event: 47.594 GC heap before
{Heap before GC invocations=56 (full 0):
 garbage-first heap   total 336896K, used 175184K [0x0000000080000000, 0x0000000100000000)
  region size 1024K, 16 young (16384K), 6 survivors (6144K)
 Metaspace       used 123197K, committed 124032K, reserved 1179648K
  class space    used 16603K, committed 17024K, reserved 1048576K
}

