# JRE version: OpenJDK Runtime Environment (17.0.9) (build 17.0.9+0--11185874)
# Java VM: OpenJDK 64-Bit Server VM (17.0.9+0--11185874, mixed mode, tiered, compressed oops, compressed class ptrs, g1 gc, windows-amd64)
GC Precious Log:
 CPUs: 12 total, 12 available
 Memory: 6005M
 Large Page Support: Disabled
 NUMA Support: Disabled
 Compressed Oops: Enabled (32-bit)
 Heap Region Size: 1M
 Heap Min Capacity: 8M
 Heap Initial Capacity: 94M
 Heap Max Capacity: 1502M
 Pre-touch: Disabled
 Parallel Workers: 10
 Concurrent Workers: 3
 Concurrent Refinement Workers: 10
 Periodic GC: Disabled
Heap:
 garbage-first heap   total 208896K, used 80528K [0x00000000a2200000, 0x0000000100000000)
  region size 1024K, 5 young (5120K), 2 survivors (2048K)
 Metaspace       used 71496K, committed 71808K, reserved 1114112K
  class space    used 8168K, committed 8320K, reserved 1048576K
GC Heap History (20 events):
Event: 4.468 GC heap before
{Heap before GC invocations=15 (full 0):
 garbage-first heap   total 81920K, used 62383K [0x00000000a2200000, 0x0000000100000000)
  region size 1024K, 26 young (26624K), 2 survivors (2048K)
 Metaspace       used 50502K, committed 50752K, reserved 1114112K
  class space    used 6092K, committed 6208K, reserved 1048576K
}
Event: 4.473 GC heap after
{Heap after GC invocations=16 (full 0):
 garbage-first heap   total 81920K, used 39125K [0x00000000a2200000, 0x0000000100000000)
  region size 1024K, 4 young (4096K), 4 survivors (4096K)
 Metaspace       used 50502K, committed 50752K, reserved 1114112K
  class space    used 6092K, committed 6208K, reserved 1048576K
}
Event: 5.089 GC heap before
{Heap before GC invocations=16 (full 0):
 garbage-first heap   total 81920K, used 61653K [0x00000000a2200000, 0x0000000100000000)
  region size 1024K, 27 young (27648K), 4 survivors (4096K)
 Metaspace       used 53152K, committed 53440K, reserved 1114112K
  class space    used 6414K, committed 6528K, reserved 1048576K
}
Event: 5.099 GC heap after
{Heap after GC invocations=17 (full 0):
 garbage-first heap   total 81920K, used 43400K [0x00000000a2200000, 0x0000000100000000)
  region size 1024K, 4 young (4096K), 4 survivors (4096K)
 Metaspace       used 53152K, committed 53440K, reserved 1114112K
  class space    used 6414K, committed 6528K, reserved 1048576K
}
Event: 5.754 GC heap before
{Heap before GC invocations=17 (full 0):
 garbage-first heap   total 81920K, used 63880K [0x00000000a2200000, 0x0000000100000000)
  region size 1024K, 24 young (24576K), 4 survivors (4096K)
 Metaspace       used 54654K, committed 54912K, reserved 1114112K
  class space    used 6495K, committed 6656K, reserved 1048576K
}
Event: 5.768 GC heap after
{Heap after GC invocations=18 (full 0):
 garbage-first heap   total 81920K, used 47088K [0x00000000a2200000, 0x0000000100000000)
  region size 1024K, 3 young (3072K), 3 survivors (3072K)
 Metaspace       used 54654K, committed 54912K, reserved 1114112K
  class space    used 6495K, committed 6656K, reserved 1048576K
}
Event: 6.071 GC heap before
{Heap before GC invocations=19 (full 0):
 garbage-first heap   total 81920K, used 64496K [0x00000000a2200000, 0x0000000100000000)
  region size 1024K, 20 young (20480K), 3 survivors (3072K)
 Metaspace       used 54825K, committed 55104K, reserved 1114112K
  class space    used 6510K, committed 6656K, reserved 1048576K
}
Event: 6.083 GC heap after
{Heap after GC invocations=20 (full 0):
 garbage-first heap   total 104448K, used 50562K [0x00000000a2200000, 0x0000000100000000)
  region size 1024K, 3 young (3072K), 3 survivors (3072K)
 Metaspace       used 54825K, committed 55104K, reserved 1114112K
  class space    used 6510K, committed 6656K, reserved 1048576K
}
Event: 6.111 GC heap before
{Heap before GC invocations=20 (full 0):
 garbage-first heap   total 104448K, used 52610K [0x00000000a2200000, 0x0000000100000000)
  region size 1024K, 5 young (5120K), 3 survivors (3072K)
 Metaspace       used 54830K, committed 55104K, reserved 1114112K
  class space    used 6512K, committed 6656K, reserved 1048576K
}
Event: 6.119 GC heap after
{Heap after GC invocations=21 (full 0):
 garbage-first heap   total 104448K, used 51081K [0x00000000a2200000, 0x0000000100000000)
  region size 1024K, 1 young (1024K), 1 survivors (1024K)
 Metaspace       used 54830K, committed 55104K, reserved 1114112K
  class space    used 6512K, committed 6656K, reserved 1048576K
}
Event: 6.794 GC heap before
{Heap before GC invocations=21 (full 0):
 garbage-first heap   total 104448K, used 78729K [0x00000000a2200000, 0x0000000100000000)
  region size 1024K, 28 young (28672K), 1 survivors (1024K)
 Metaspace       used 58845K, committed 59136K, reserved 1114112K
  class space    used 7044K, committed 7168K, reserved 1048576K
}
Event: 6.802 GC heap after
{Heap after GC invocations=22 (full 0):
 garbage-first heap   total 104448K, used 53008K [0x00000000a2200000, 0x0000000100000000)
  region size 1024K, 3 young (3072K), 3 survivors (3072K)
 Metaspace       used 58845K, committed 59136K, reserved 1114112K
  class space    used 7044K, committed 7168K, reserved 1048576K
}
Event: 7.510 GC heap before
{Heap before GC invocations=23 (full 0):
 garbage-first heap   total 104448K, used 80656K [0x00000000a2200000, 0x0000000100000000)
  region size 1024K, 30 young (30720K), 3 survivors (3072K)
 Metaspace       used 60396K, committed 60736K, reserved 1114112K
  class space    used 7207K, committed 7360K, reserved 1048576K
}
Event: 7.526 GC heap after
{Heap after GC invocations=24 (full 0):
 garbage-first heap   total 104448K, used 57049K [0x00000000a2200000, 0x0000000100000000)
  region size 1024K, 4 young (4096K), 4 survivors (4096K)
 Metaspace       used 60396K, committed 60736K, reserved 1114112K
  class space    used 7207K, committed 7360K, reserved 1048576K
}
Event: 7.536 GC heap before
{Heap before GC invocations=24 (full 0):
 garbage-first heap   total 104448K, used 58073K [0x00000000a2200000, 0x0000000100000000)
  region size 1024K, 5 young (5120K), 4 survivors (4096K)
 Metaspace       used 60396K, committed 60736K, reserved 1114112K
  class space    used 7207K, committed 7360K, reserved 1048576K
}
Event: 7.556 GC heap after
{Heap after GC invocations=25 (full 0):
 garbage-first heap   total 104448K, used 57484K [0x00000000a2200000, 0x0000000100000000)
  region size 1024K, 1 young (1024K), 1 survivors (1024K)
 Metaspace       used 60396K, committed 60736K, reserved 1114112K
  class space    used 7207K, committed 7360K, reserved 1048576K
}
Event: 8.374 GC heap before
{Heap before GC invocations=25 (full 0):
 garbage-first heap   total 104448K, used 81036K [0x00000000a2200000, 0x0000000100000000)
  region size 1024K, 25 young (25600K), 1 survivors (1024K)
 Metaspace       used 61627K, committed 61888K, reserved 1114112K
  class space    used 7296K, committed 7424K, reserved 1048576K
}
Event: 8.384 GC heap after
{Heap after GC invocations=26 (full 0):
 garbage-first heap   total 285696K, used 61440K [0x00000000a2200000, 0x0000000100000000)
  region size 1024K, 4 young (4096K), 4 survivors (4096K)
 Metaspace       used 61627K, committed 61888K, reserved 1114112K
  class space    used 7296K, committed 7424K, reserved 1048576K
}
Event: 15.707 GC heap before
{Heap before GC invocations=27 (full 0):
 garbage-first heap   total 208896K, used 180224K [0x00000000a2200000, 0x0000000100000000)
  region size 1024K, 121 young (123904K), 4 survivors (4096K)
 Metaspace       used 70848K, committed 71168K, reserved 1114112K
  class space    used 8093K, committed 8256K, reserved 1048576K
}
Event: 15.728 GC heap after
{Heap after GC invocations=28 (full 0):
 garbage-first heap   total 208896K, used 77284K [0x00000000a2200000, 0x0000000100000000)
  region size 1024K, 16 young (16384K), 16 survivors (16384K)
 Metaspace       used 70848K, committed 71168K, reserved 1114112K
  class space    used 8093K, committed 8256K, reserved 1048576K
}

