# JRE version: OpenJDK Runtime Environment Corretto-11.0.22.7.1 (11.0.22+7) (build 11.0.22+7-LTS)
# Java VM: OpenJDK 64-Bit Server VM Corretto-11.0.22.7.1 (11.0.22+7-LTS, mixed mode, tiered, compressed oops, g1 gc, windows-amd64)
Heap:
 garbage-first heap   total 96256K, used 35840K [0x00000000a2200000, 0x0000000100000000)
  region size 1024K, 23 young (23552K), 4 survivors (4096K)
 Metaspace       used 38779K, capacity 39215K, committed 39600K, reserved 1083392K
  class space    used 4596K, capacity 4745K, committed 4864K, reserved 1048576K
GC Heap History (8 events):
Event: 0.974 GC heap before
{Heap before GC invocations=0 (full 0):
 garbage-first heap   total 96256K, used 30720K [0x00000000a2200000, 0x0000000100000000)
  region size 1024K, 24 young (24576K), 0 survivors (0K)
 Metaspace       used 14518K, capacity 14657K, committed 14848K, reserved 1062912K
  class space    used 1470K, capacity 1523K, committed 1536K, reserved 1048576K
}
Event: 0.979 GC heap after
{Heap after GC invocations=1 (full 0):
 garbage-first heap   total 96256K, used 8401K [0x00000000a2200000, 0x0000000100000000)
  region size 1024K, 3 young (3072K), 3 survivors (3072K)
 Metaspace       used 14518K, capacity 14657K, committed 14848K, reserved 1062912K
  class space    used 1470K, capacity 1523K, committed 1536K, reserved 1048576K
}
Event: 1.664 GC heap before
{Heap before GC invocations=1 (full 0):
 garbage-first heap   total 96256K, used 30929K [0x00000000a2200000, 0x0000000100000000)
  region size 1024K, 26 young (26624K), 3 survivors (3072K)
 Metaspace       used 20847K, capacity 21157K, committed 21296K, reserved 1069056K
  class space    used 2212K, capacity 2352K, committed 2432K, reserved 1048576K
}
Event: 1.671 GC heap after
{Heap after GC invocations=2 (full 0):
 garbage-first heap   total 96256K, used 9600K [0x00000000a2200000, 0x0000000100000000)
  region size 1024K, 5 young (5120K), 5 survivors (5120K)
 Metaspace       used 20847K, capacity 21157K, committed 21296K, reserved 1069056K
  class space    used 2212K, capacity 2352K, committed 2432K, reserved 1048576K
}
Event: 3.217 GC heap before
{Heap before GC invocations=3 (full 0):
 garbage-first heap   total 96256K, used 51584K [0x00000000a2200000, 0x0000000100000000)
  region size 1024K, 46 young (47104K), 5 survivors (5120K)
 Metaspace       used 30288K, capacity 30784K, committed 31024K, reserved 1077248K
  class space    used 3791K, capacity 3964K, committed 3968K, reserved 1048576K
}
Event: 3.229 GC heap after
{Heap after GC invocations=4 (full 0):
 garbage-first heap   total 96256K, used 13820K [0x00000000a2200000, 0x0000000100000000)
  region size 1024K, 6 young (6144K), 6 survivors (6144K)
 Metaspace       used 30288K, capacity 30784K, committed 31024K, reserved 1077248K
  class space    used 3791K, capacity 3964K, committed 3968K, reserved 1048576K
}
Event: 3.998 GC heap before
{Heap before GC invocations=4 (full 0):
 garbage-first heap   total 96256K, used 42492K [0x00000000a2200000, 0x0000000100000000)
  region size 1024K, 35 young (35840K), 6 survivors (6144K)
 Metaspace       used 35341K, capacity 35783K, committed 35888K, reserved 1081344K
  class space    used 4288K, capacity 4455K, committed 4480K, reserved 1048576K
}
Event: 4.015 GC heap after
{Heap after GC invocations=5 (full 0):
 garbage-first heap   total 96256K, used 17408K [0x00000000a2200000, 0x0000000100000000)
  region size 1024K, 4 young (4096K), 4 survivors (4096K)
 Metaspace       used 35341K, capacity 35783K, committed 35888K, reserved 1081344K
  class space    used 4288K, capacity 4455K, committed 4480K, reserved 1048576K
}

