# JRE version: OpenJDK Runtime Environment Corretto-11.0.22.7.1 (11.0.22+7) (build 11.0.22+7-LTS)
# Java VM: OpenJDK 64-Bit Server VM Corretto-11.0.22.7.1 (11.0.22+7-LTS, mixed mode, tiered, compressed oops, g1 gc, windows-amd64)
Heap:
 garbage-first heap   total 262144K, used 41298K [0x00000000e0000000, 0x0000000100000000)
  region size 1024K, 24 young (24576K), 2 survivors (2048K)
 Metaspace       used 24352K, capacity 24920K, committed 25008K, reserved 407552K
  class space    used 2997K, capacity 3211K, committed 3248K, reserved 385024K
GC Heap History (6 events):
Event: 1.146 GC heap before
{Heap before GC invocations=0 (full 0):
 garbage-first heap   total 262144K, used 27648K [0x00000000e0000000, 0x0000000100000000)
  region size 1024K, 24 young (24576K), 0 survivors (0K)
 Metaspace       used 10159K, capacity 10388K, committed 10624K, reserved 395264K
  class space    used 1006K, capacity 1080K, committed 1152K, reserved 385024K
}
Event: 1.156 GC heap after
{Heap after GC invocations=1 (full 0):
 garbage-first heap   total 262144K, used 10700K [0x00000000e0000000, 0x0000000100000000)
  region size 1024K, 3 young (3072K), 3 survivors (3072K)
 Metaspace       used 10159K, capacity 10388K, committed 10624K, reserved 395264K
  class space    used 1006K, capacity 1080K, committed 1152K, reserved 385024K
}
Event: 3.718 GC heap before
{Heap before GC invocations=1 (full 0):
 garbage-first heap   total 262144K, used 103884K [0x00000000e0000000, 0x0000000100000000)
  region size 1024K, 94 young (96256K), 3 survivors (3072K)
 Metaspace       used 20758K, capacity 21205K, committed 21296K, reserved 405504K
  class space    used 2412K, capacity 2562K, committed 2608K, reserved 385024K
}
Event: 3.730 GC heap after
{Heap after GC invocations=2 (full 0):
 garbage-first heap   total 262144K, used 18482K [0x00000000e0000000, 0x0000000100000000)
  region size 1024K, 11 young (11264K), 11 survivors (11264K)
 Metaspace       used 20758K, capacity 21205K, committed 21296K, reserved 405504K
  class space    used 2412K, capacity 2562K, committed 2608K, reserved 385024K
}
Event: 5.424 GC heap before
{Heap before GC invocations=3 (full 0):
 garbage-first heap   total 262144K, used 39986K [0x00000000e0000000, 0x0000000100000000)
  region size 1024K, 32 young (32768K), 11 survivors (11264K)
 Metaspace       used 23060K, capacity 23647K, committed 23856K, reserved 407552K
  class space    used 2760K, capacity 2981K, committed 3120K, reserved 385024K
}
Event: 5.431 GC heap after
{Heap after GC invocations=4 (full 0):
 garbage-first heap   total 262144K, used 19794K [0x00000000e0000000, 0x0000000100000000)
  region size 1024K, 2 young (2048K), 2 survivors (2048K)
 Metaspace       used 23060K, capacity 23647K, committed 23856K, reserved 407552K
  class space    used 2760K, capacity 2981K, committed 3120K, reserved 385024K
}

