# JRE version: OpenJDK Runtime Environment Corretto-11.0.22.7.1 (11.0.22+7) (build 11.0.22+7-LTS)
# Java VM: OpenJDK 64-Bit Server VM Corretto-11.0.22.7.1 (11.0.22+7-LTS, mixed mode, tiered, compressed oops, g1 gc, windows-amd64)
Heap:
 garbage-first heap   total 262144K, used 27193K [0x00000000e0000000, 0x0000000100000000)
  region size 1024K, 11 young (11264K), 6 survivors (6144K)
 Metaspace       used 35575K, capacity 36535K, committed 36816K, reserved 417792K
  class space    used 4722K, capacity 5092K, committed 5168K, reserved 385024K
GC Heap History (10 events):
Event: 1.087 GC heap before
{Heap before GC invocations=0 (full 0):
 garbage-first heap   total 262144K, used 27648K [0x00000000e0000000, 0x0000000100000000)
  region size 1024K, 24 young (24576K), 0 survivors (0K)
 Metaspace       used 10162K, capacity 10388K, committed 10624K, reserved 395264K
  class space    used 1007K, capacity 1080K, committed 1152K, reserved 385024K
}
Event: 1.098 GC heap after
{Heap after GC invocations=1 (full 0):
 garbage-first heap   total 262144K, used 10563K [0x00000000e0000000, 0x0000000100000000)
  region size 1024K, 3 young (3072K), 3 survivors (3072K)
 Metaspace       used 10162K, capacity 10388K, committed 10624K, reserved 395264K
  class space    used 1007K, capacity 1080K, committed 1152K, reserved 385024K
}
Event: 6.914 GC heap before
{Heap before GC invocations=1 (full 0):
 garbage-first heap   total 262144K, used 103747K [0x00000000e0000000, 0x0000000100000000)
  region size 1024K, 94 young (96256K), 3 survivors (3072K)
 Metaspace       used 20770K, capacity 21205K, committed 21296K, reserved 405504K
  class space    used 2410K, capacity 2562K, committed 2608K, reserved 385024K
}
Event: 6.929 GC heap after
{Heap after GC invocations=2 (full 0):
 garbage-first heap   total 262144K, used 18282K [0x00000000e0000000, 0x0000000100000000)
  region size 1024K, 11 young (11264K), 11 survivors (11264K)
 Metaspace       used 20770K, capacity 21205K, committed 21296K, reserved 405504K
  class space    used 2410K, capacity 2562K, committed 2608K, reserved 385024K
}
Event: 8.640 GC heap before
{Heap before GC invocations=3 (full 0):
 garbage-first heap   total 262144K, used 72554K [0x00000000e0000000, 0x0000000100000000)
  region size 1024K, 64 young (65536K), 11 survivors (11264K)
 Metaspace       used 25572K, capacity 26177K, committed 26288K, reserved 409600K
  class space    used 3202K, capacity 3399K, committed 3504K, reserved 385024K
}
Event: 8.651 GC heap after
{Heap after GC invocations=4 (full 0):
 garbage-first heap   total 262144K, used 20147K [0x00000000e0000000, 0x0000000100000000)
  region size 1024K, 3 young (3072K), 3 survivors (3072K)
 Metaspace       used 25572K, capacity 26177K, committed 26288K, reserved 409600K
  class space    used 3202K, capacity 3399K, committed 3504K, reserved 385024K
}
Event: 10.418 GC heap before
{Heap before GC invocations=4 (full 0):
 garbage-first heap   total 262144K, used 122547K [0x00000000e0000000, 0x0000000100000000)
  region size 1024K, 103 young (105472K), 3 survivors (3072K)
 Metaspace       used 34680K, capacity 35606K, committed 35760K, reserved 415744K
  class space    used 4587K, capacity 4935K, committed 5040K, reserved 385024K
}
Event: 10.423 GC heap after
{Heap after GC invocations=5 (full 0):
 garbage-first heap   total 262144K, used 23015K [0x00000000e0000000, 0x0000000100000000)
  region size 1024K, 5 young (5120K), 5 survivors (5120K)
 Metaspace       used 34680K, capacity 35606K, committed 35760K, reserved 415744K
  class space    used 4587K, capacity 4935K, committed 5040K, reserved 385024K
}
Event: 10.441 GC heap before
{Heap before GC invocations=5 (full 0):
 garbage-first heap   total 262144K, used 24039K [0x00000000e0000000, 0x0000000100000000)
  region size 1024K, 7 young (7168K), 5 survivors (5120K)
 Metaspace       used 34919K, capacity 35785K, committed 35920K, reserved 417792K
  class space    used 4625K, capacity 4972K, committed 5040K, reserved 385024K
}
Event: 10.447 GC heap after
{Heap after GC invocations=6 (full 0):
 garbage-first heap   total 262144K, used 23097K [0x00000000e0000000, 0x0000000100000000)
  region size 1024K, 6 young (6144K), 6 survivors (6144K)
 Metaspace       used 34919K, capacity 35785K, committed 35920K, reserved 417792K
  class space    used 4625K, capacity 4972K, committed 5040K, reserved 385024K
}

